imu_topic: 
mocap_topic: 
cam_topics: /cam0/image_raw 
Total number of messages: 345
Image size: 345
Min time: 420999586758000 max time: 421257501558000 mocap to imu offset: 4251398049289207808
Number of mocap poses: 0
Loaded detected corners from: /media/achry/LENOVO_USB_HDD/temp/honorv10_2021_05/calib-cam_detected_corners.cereal
Loaded initial poses from: /media/achry/LENOVO_USB_HDD/temp/honorv10_2021_05/calib-cam_init_poses.cereal
Loaded calibration from: /media/achry/LENOVO_USB_HDD/temp/honorv10_2021_05/calibration.json
Started detecting corners
Started camera intrinsics initialization
Initialized camera 0 with pinhole model. You should set pinhole model for this camera!
Done camera intrinsics initialization:
Cam 0: 1001.19 1002.09   639.5   359.5     0.5       1
Done detecting corners. Saved them here: /media/achry/LENOVO_USB_HDD/temp/honorv10_2021_05/calib-cam_detected_corners.cereal
Started initial camera pose computation 
Done initial camera pose computation. Saved them here: /media/achry/LENOVO_USB_HDD/temp/honorv10_2021_05/calib-cam_init_poses.cereal
Initialized optimization.
[LINEARIZE] Error: 1.50254e+06 num points 41056
	[ACCEPTED] lambda:1e-06 step_quality: 0.730726 max_inc: 2.32592 Error: 1.17171e+06 num points 41056
==================================
intrinsics 0:   1000.25   1002.04   637.174   359.259 0.0415729  0.911573
T_i_c0:
1 0 0 0
0 1 0 0
0 0 1 0
0 0 0 1
Current error: 1.17171e+06 num_points 41056 mean_error 28.5392 reprojection_error 197155 mean reprojection 4.80211 opt_time 8ms.
==================================
[LINEARIZE] Error: 1.17171e+06 num points 41056
	[ACCEPTED] lambda:9.01739e-07 step_quality: 3.09706 max_inc: 14.9216 Error: 62174.3 num points 41056
==================================
intrinsics 0: 1000.48 1001.82   637.4  359.38       0 15.8332
T_i_c0:
1 0 0 0
0 1 0 0
0 0 1 0
0 0 0 1
Current error: 62174.3 num_points 41056 mean_error 1.51438 reprojection_error 26495.9 mean reprojection 0.64536 opt_time 6ms.
==================================
[LINEARIZE] Error: 62174.3 num points 41056
	[ACCEPTED] lambda:3.0058e-07 step_quality: 1.05935 max_inc: 3.27236 Error: 39888.5 num points 41056
==================================
intrinsics 0: 997.203 998.898  637.17 359.524       0 15.8332
T_i_c0:
1 0 0 0
0 1 0 0
0 0 1 0
0 0 0 1
Current error: 39888.5 num_points 41056 mean_error 0.971563 reprojection_error 29155.2 mean reprojection 0.710132 opt_time 5ms.
==================================
[LINEARIZE] Error: 39888.5 num points 41056
	[ACCEPTED] lambda:1.00193e-07 step_quality: 0.378099 max_inc: 0.0532714 Error: 33800 num points 41056
==================================
intrinsics 0: 997.257 998.943 637.207 359.548       0 15.8332
T_i_c0:
1 0 0 0
0 1 0 0
0 0 1 0
0 0 0 1
Current error: 33800 num_points 41056 mean_error 0.823266 reprojection_error 27892.3 mean reprojection 0.679373 opt_time 6ms.
==================================
[LINEARIZE] Error: 33800 num points 41056
	[ACCEPTED] lambda:1.01645e-07 step_quality: 0.0025802 max_inc: 0.00456282 Error: 33764.6 num points 41056
==================================
intrinsics 0: 997.261 998.948 637.208 359.552       0 15.8332
T_i_c0:
1 0 0 0
0 1 0 0
0 0 1 0
0 0 0 1
Current error: 33764.6 num_points 41056 mean_error 0.822403 reprojection_error 27880.6 mean reprojection 0.679088 opt_time 6ms.
==================================
[LINEARIZE] Error: 33764.6 num points 41056
	[REJECTED] lambda:2.01725e-07 step_quality: -1.32705e-05 max_inc: 0.00212467 Error: 33764.8 num points 41056
	[ACCEPTED] lambda:4.0345e-07 step_quality: 1.57753e-05 max_inc: 0.00212465 Error: 33764.4 num points 41056
==================================
intrinsics 0: 997.261 998.948 637.208 359.552       0 15.8332
T_i_c0:
1 0 0 0
0 1 0 0
0 0 1 0
0 0 0 1
Current error: 33764.4 num_points 41056 mean_error 0.822398 reprojection_error 27880.6 mean reprojection 0.679088 opt_time 8ms.
==================================
[LINEARIZE] Error: 33764.4 num points 41056
	[ACCEPTED] lambda:8.06861e-07 step_quality: 5.98313e-05 max_inc: 0.00212462 Error: 33763.6 num points 41056
==================================
intrinsics 0: 997.261 998.948 637.208 359.552       0 15.8332
T_i_c0:
1 0 0 0
0 1 0 0
0 0 1 0
0 0 0 1
Current error: 33763.6 num_points 41056 mean_error 0.822378 reprojection_error 27880.3 mean reprojection 0.67908 opt_time 6ms.
==================================
[LINEARIZE] Error: 33763.6 num points 41056
	[ACCEPTED] lambda:1.61343e-06 step_quality: 0.00011427 max_inc: 0.00212456 Error: 33762 num points 41056
==================================
intrinsics 0: 997.261 998.947 637.208 359.552       0 15.8332
T_i_c0:
1 0 0 0
0 1 0 0
0 0 1 0
0 0 0 1
Current error: 33762 num_points 41056 mean_error 0.82234 reprojection_error 27879.6 mean reprojection 0.679064 opt_time 5ms.
==================================
[LINEARIZE] Error: 33762 num points 41056
	[ACCEPTED] lambda:3.22576e-06 step_quality: 0.000227793 max_inc: 0.00212443 Error: 33758.9 num points 41056
==================================
intrinsics 0: 997.261 998.947 637.208 359.552       0 15.8332
T_i_c0:
1 0 0 0
0 1 0 0
0 0 1 0
0 0 0 1
Current error: 33758.9 num_points 41056 mean_error 0.822264 reprojection_error 27878.3 mean reprojection 0.679032 opt_time 6ms.
==================================
[LINEARIZE] Error: 33758.9 num points 41056
	[ACCEPTED] lambda:6.44711e-06 step_quality: 0.000452828 max_inc: 0.00212419 Error: 33752.7 num points 41056
==================================
intrinsics 0:  997.26 998.946 637.208 359.552       0 15.8332
T_i_c0:
1 0 0 0
0 1 0 0
0 0 1 0
0 0 0 1
Current error: 33752.7 num_points 41056 mean_error 0.822113 reprojection_error 27875.7 mean reprojection 0.678968 opt_time 5ms.
==================================
[LINEARIZE] Error: 33752.7 num points 41056
	[ACCEPTED] lambda:1.28767e-05 step_quality: 0.000895006 max_inc: 0.0021237 Error: 33740.4 num points 41056
==================================
intrinsics 0: 997.259 998.945 637.208 359.551       0 15.8332
T_i_c0:
1 0 0 0
0 1 0 0
0 0 1 0
0 0 0 1
Current error: 33740.4 num_points 41056 mean_error 0.821814 reprojection_error 27870.5 mean reprojection 0.678842 opt_time 5ms.
==================================
[LINEARIZE] Error: 33740.4 num points 41056
	[ACCEPTED] lambda:2.56844e-05 step_quality: 0.00175 max_inc: 0.00249792 Error: 33716.4 num points 41056
==================================
intrinsics 0: 997.256 998.943 637.208 359.551       0 15.8332
T_i_c0:
1 0 0 0
0 1 0 0
0 0 1 0
0 0 0 1
Current error: 33716.4 num_points 41056 mean_error 0.82123 reprojection_error 27860.4 mean reprojection 0.678596 opt_time 5ms.
==================================
[LINEARIZE] Error: 33716.4 num points 41056
	[ACCEPTED] lambda:5.11001e-05 step_quality: 0.00335745 max_inc: 0.00464599 Error: 33670.5 num points 41056
==================================
intrinsics 0: 997.252 998.938 637.207  359.55       0 15.8332
T_i_c0:
1 0 0 0
0 1 0 0
0 0 1 0
0 0 0 1
Current error: 33670.5 num_points 41056 mean_error 0.820112 reprojection_error 27841 mean reprojection 0.678122 opt_time 6ms.
==================================
[LINEARIZE] Error: 33670.5 num points 41056
	[ACCEPTED] lambda:0.000101178 step_quality: 0.00624889 max_inc: 0.00818712 Error: 33585.2 num points 41056
==================================
intrinsics 0: 997.245  998.93 637.206 359.549       0 15.8332
T_i_c0:
1 0 0 0
0 1 0 0
0 0 1 0
0 0 0 1
Current error: 33585.2 num_points 41056 mean_error 0.818033 reprojection_error 27804.7 mean reprojection 0.677239 opt_time 5ms.
==================================
[LINEARIZE] Error: 33585.2 num points 41056
	[ACCEPTED] lambda:0.000198609 step_quality: 0.0111494 max_inc: 0.0133392 Error: 33433.3 num points 41056
==================================
intrinsics 0: 997.233 998.916 637.205 359.548       0 15.8332
T_i_c0:
1 0 0 0
0 1 0 0
0 0 1 0
0 0 0 1
Current error: 33433.3 num_points 41056 mean_error 0.814335 reprojection_error 27739.8 mean reprojection 0.675658 opt_time 7ms.
==================================
[LINEARIZE] Error: 33433.3 num points 41056
	[ACCEPTED] lambda:0.000384226 step_quality: 0.0189271 max_inc: 0.0196621 Error: 33177.1 num points 41056
==================================
intrinsics 0: 997.216 998.897 637.203 359.546       0 15.8332
T_i_c0:
1 0 0 0
0 1 0 0
0 0 1 0
0 0 0 1
Current error: 33177.1 num_points 41056 mean_error 0.808094 reprojection_error 27629.2 mean reprojection 0.672965 opt_time 4ms.
==================================
[LINEARIZE] Error: 33177.1 num points 41056
	[ACCEPTED] lambda:0.000726449 step_quality: 0.0305316 max_inc: 0.0259135 Error: 32767.7 num points 41056
==================================
intrinsics 0: 997.195 998.871 637.201 359.544       0 15.8332
T_i_c0:
1 0 0 0
0 1 0 0
0 0 1 0
0 0 0 1
Current error: 32767.7 num_points 41056 mean_error 0.798122 reprojection_error 27450.2 mean reprojection 0.668604 opt_time 4ms.
==================================
[LINEARIZE] Error: 32767.7 num points 41056
	[ACCEPTED] lambda:0.00132778 step_quality: 0.0468067 max_inc: 0.0305346 Error: 32149.8 num points 41056
==================================
intrinsics 0: 997.174  998.84 637.198 359.543       0 15.8332
T_i_c0:
1 0 0 0
0 1 0 0
0 0 1 0
0 0 0 1
Current error: 32149.8 num_points 41056 mean_error 0.783073 reprojection_error 27175.4 mean reprojection 0.66191 opt_time 5ms.
==================================
[LINEARIZE] Error: 32149.8 num points 41056
	[ACCEPTED] lambda:0.00231649 step_quality: 0.0678174 max_inc: 0.032467 Error: 31276 num points 41056
==================================
intrinsics 0: 997.156 998.808 637.194 359.541       0 15.8332
T_i_c0:
1 0 0 0
0 1 0 0
0 0 1 0
0 0 0 1
Current error: 31276 num_points 41056 mean_error 0.761789 reprojection_error 26778.6 mean reprojection 0.652245 opt_time 5ms.
==================================
[LINEARIZE] Error: 31276 num points 41056
	[ACCEPTED] lambda:0.00381245 step_quality: 0.0918959 max_inc: 0.0317291 Error: 30133 num points 41056
==================================
intrinsics 0: 997.145 998.776 637.191  359.54       0 15.8332
T_i_c0:
1 0 0 0
0 1 0 0
0 0 1 0
0 0 0 1
Current error: 30133 num_points 41056 mean_error 0.733949 reprojection_error 26246.8 mean reprojection 0.639293 opt_time 4ms.
==================================
[LINEARIZE] Error: 30133 num points 41056
	[ACCEPTED] lambda:0.00588549 step_quality: 0.116011 max_inc: 0.0292544 Error: 28758 num points 41056
==================================
intrinsics 0: 997.141 998.747 637.187 359.538       0 15.8332
T_i_c0:
1 0 0 0
0 1 0 0
0 0 1 0
0 0 0 1
Current error: 28758 num_points 41056 mean_error 0.700458 reprojection_error 25589.1 mean reprojection 0.623272 opt_time 6ms.
==================================
[LINEARIZE] Error: 28758 num points 41056
	[ACCEPTED] lambda:0.0085513 step_quality: 0.137617 max_inc: 0.0261374 Error: 27224 num points 41056
==================================
intrinsics 0: 997.146 998.721 637.184 359.537       0 15.8332
T_i_c0:
1 0 0 0
0 1 0 0
0 0 1 0
0 0 0 1
Current error: 27224 num_points 41056 mean_error 0.663095 reprojection_error 24832 mean reprojection 0.604834 opt_time 6ms.
==================================
[LINEARIZE] Error: 27224 num points 41056
	[ACCEPTED] lambda:0.0118069 step_quality: 0.15605 max_inc: 0.0229772 Error: 25607.6 num points 41056
==================================
intrinsics 0: 997.157 998.698 637.181 359.536       0 15.8332
T_i_c0:
1 0 0 0
0 1 0 0
0 0 1 0
0 0 0 1
Current error: 25607.6 num_points 41056 mean_error 0.623723 reprojection_error 24006.6 mean reprojection 0.584729 opt_time 4ms.
==================================
[LINEARIZE] Error: 25607.6 num points 41056
	[ACCEPTED] lambda:0.0156502 step_quality: 0.171546 max_inc: 0.0200253 Error: 23973.3 num points 41056
==================================
intrinsics 0: 997.173 998.678 637.178 359.535       0 15.8332
T_i_c0:
1 0 0 0
0 1 0 0
0 0 1 0
0 0 0 1
Current error: 23973.3 num_points 41056 mean_error 0.583918 reprojection_error 23141.1 mean reprojection 0.563648 opt_time 5ms.
==================================
[LINEARIZE] Error: 23973.3 num points 41056
	[ACCEPTED] lambda:0.0200866 step_quality: 0.184525 max_inc: 0.0201328 Error: 22371 num points 41056
==================================
intrinsics 0: 997.193  998.66 637.175 359.535       0 15.8332
T_i_c0:
1 0 0 0
0 1 0 0
0 0 1 0
0 0 0 1
Current error: 22371 num_points 41056 mean_error 0.54489 reprojection_error 22259.8 mean reprojection 0.542181 opt_time 5ms.
==================================
[LINEARIZE] Error: 22371 num points 41056
	[ACCEPTED] lambda:0.025132 step_quality: 0.195497 max_inc: 0.0230159 Error: 20835.3 num points 41056
==================================
intrinsics 0: 997.216 998.645 637.172 359.534       0 15.8332
T_i_c0:
1 0 0 0
0 1 0 0
0 0 1 0
0 0 0 1
Current error: 20835.3 num_points 41056 mean_error 0.507486 reprojection_error 21382.2 mean reprojection 0.520807 opt_time 5ms.
==================================
[LINEARIZE] Error: 20835.3 num points 41056
	[ACCEPTED] lambda:0.0308087 step_quality: 0.204713 max_inc: 0.0250048 Error: 19390.1 num points 41056
==================================
intrinsics 0: 997.241 998.632 637.169 359.533       0 15.8332
T_i_c0:
1 0 0 0
0 1 0 0
0 0 1 0
0 0 0 1
Current error: 19390.1 num_points 41056 mean_error 0.472285 reprojection_error 20524.9 mean reprojection 0.499926 opt_time 5ms.
==================================
[LINEARIZE] Error: 19390.1 num points 41056
	[ACCEPTED] lambda:0.0371546 step_quality: 0.212707 max_inc: 0.0263185 Error: 18048.2 num points 41056
==================================
intrinsics 0: 997.268 998.621 637.166 359.532       0 15.8332
T_i_c0:
1 0 0 0
0 1 0 0
0 0 1 0
0 0 0 1
Current error: 18048.2 num_points 41056 mean_error 0.439599 reprojection_error 19700.2 mean reprojection 0.479838 opt_time 5ms.
==================================
[LINEARIZE] Error: 18048.2 num points 41056
	[ACCEPTED] lambda:0.0442027 step_quality: 0.219357 max_inc: 0.027011 Error: 16817.5 num points 41056
==================================
intrinsics 0: 997.295 998.612 637.164 359.532       0 15.8332
T_i_c0:
1 0 0 0
0 1 0 0
0 0 1 0
0 0 0 1
Current error: 16817.5 num_points 41056 mean_error 0.409624 reprojection_error 18920.3 mean reprojection 0.460841 opt_time 4ms.
==================================
[LINEARIZE] Error: 16817.5 num points 41056
	[ACCEPTED] lambda:0.052019 step_quality: 0.225272 max_inc: 0.0273135 Error: 15698.5 num points 41056
==================================
intrinsics 0: 997.322 998.604 637.162 359.531       0 15.8332
T_i_c0:
1 0 0 0
0 1 0 0
0 0 1 0
0 0 0 1
Current error: 15698.5 num_points 41056 mean_error 0.382368 reprojection_error 18192.8 mean reprojection 0.443121 opt_time 5ms.
==================================
[LINEARIZE] Error: 15698.5 num points 41056
	[ACCEPTED] lambda:0.060648 step_quality: 0.230063 max_inc: 0.0271846 Error: 14690.5 num points 41056
==================================
intrinsics 0: 997.349 998.597  637.16 359.531       0 15.8332
T_i_c0:
1 0 0 0
0 1 0 0
0 0 1 0
0 0 0 1
Current error: 14690.5 num_points 41056 mean_error 0.357815 reprojection_error 17524.7 mean reprojection 0.426848 opt_time 5ms.
==================================
[LINEARIZE] Error: 14690.5 num points 41056
	[ACCEPTED] lambda:0.0701912 step_quality: 0.234507 max_inc: 0.0268558 Error: 13787.1 num points 41056
==================================
intrinsics 0: 997.376 998.591 637.158  359.53       0 15.8332
T_i_c0:
1 0 0 0
0 1 0 0
0 0 1 0
0 0 0 1
Current error: 13787.1 num_points 41056 mean_error 0.335812 reprojection_error 16918.8 mean reprojection 0.412092 opt_time 4ms.
==================================
[LINEARIZE] Error: 13787.1 num points 41056
	[ACCEPTED] lambda:0.0806995 step_quality: 0.237996 max_inc: 0.0262474 Error: 12983.6 num points 41056
==================================
intrinsics 0: 997.402 998.586 637.156  359.53       0 15.8332
T_i_c0:
1 0 0 0
0 1 0 0
0 0 1 0
0 0 0 1
Current error: 12983.6 num_points 41056 mean_error 0.31624 reprojection_error 16377.7 mean reprojection 0.398912 opt_time 4ms.
==================================
[LINEARIZE] Error: 12983.6 num points 41056
	[ACCEPTED] lambda:0.0923109 step_quality: 0.241454 max_inc: 0.0255713 Error: 12270.9 num points 41056
==================================
intrinsics 0: 997.428 998.582 637.155 359.529       0 15.8332
T_i_c0:
1 0 0 0
0 1 0 0
0 0 1 0
0 0 0 1
Current error: 12270.9 num_points 41056 mean_error 0.298883 reprojection_error 15900.2 mean reprojection 0.387281 opt_time 4ms.
==================================
[LINEARIZE] Error: 12270.9 num points 41056
	[ACCEPTED] lambda:0.105074 step_quality: 0.243867 max_inc: 0.024677 Error: 11643.4 num points 41056
==================================
intrinsics 0: 997.453 998.579 637.153 359.529       0 15.8332
T_i_c0:
1 0 0 0
0 1 0 0
0 0 1 0
0 0 0 1
Current error: 11643.4 num_points 41056 mean_error 0.283599 reprojection_error 15485.7 mean reprojection 0.377185 opt_time 4ms.
==================================
[LINEARIZE] Error: 11643.4 num points 41056
	[ACCEPTED] lambda:0.119199 step_quality: 0.246573 max_inc: 0.02381 Error: 11091.4 num points 41056
==================================
intrinsics 0: 997.476 998.576 637.152 359.529       0 15.8332
T_i_c0:
1 0 0 0
0 1 0 0
0 0 1 0
0 0 0 1
Current error: 11091.4 num_points 41056 mean_error 0.270154 reprojection_error 15129.9 mean reprojection 0.368519 opt_time 5ms.
==================================
[LINEARIZE] Error: 11091.4 num points 41056
	[ACCEPTED] lambda:0.13472 step_quality: 0.247997 max_inc: 0.0227604 Error: 10609.5 num points 41056
==================================
intrinsics 0: 997.499 998.574  637.15 359.528       0 15.8332
T_i_c0:
1 0 0 0
0 1 0 0
0 0 1 0
0 0 0 1
Current error: 10609.5 num_points 41056 mean_error 0.258415 reprojection_error 14830 mean reprojection 0.361214 opt_time 5ms.
==================================
[LINEARIZE] Error: 10609.5 num points 41056
	[ACCEPTED] lambda:0.151968 step_quality: 0.250303 max_inc: 0.0218354 Error: 10188 num points 41056
==================================
intrinsics 0: 997.521 998.572 637.149 359.528       0 15.8332
T_i_c0:
1 0 0 0
0 1 0 0
0 0 1 0
0 0 0 1
Current error: 10188 num_points 41056 mean_error 0.248148 reprojection_error 14578.3 mean reprojection 0.355083 opt_time 4ms.
==================================
[LINEARIZE] Error: 10188 num points 41056
	[ACCEPTED] lambda:0.170895 step_quality: 0.250731 max_inc: 0.0207106 Error: 9822.8 num points 41056
==================================
intrinsics 0: 997.542 998.571 637.148 359.528       0 15.8332
T_i_c0:
1 0 0 0
0 1 0 0
0 0 1 0
0 0 0 1
Current error: 9822.8 num_points 41056 mean_error 0.239254 reprojection_error 14370.9 mean reprojection 0.350031 opt_time 4ms.
==================================
[LINEARIZE] Error: 9822.8 num points 41056
	[ACCEPTED] lambda:0.19207 step_quality: 0.252943 max_inc: 0.0198054 Error: 9504.66 num points 41056
==================================
intrinsics 0: 997.561  998.57 637.147 359.527       0 15.8332
T_i_c0:
1 0 0 0
0 1 0 0
0 0 1 0
0 0 0 1
Current error: 9504.66 num_points 41056 mean_error 0.231505 reprojection_error 14200.4 mean reprojection 0.345879 opt_time 5ms.
==================================
[LINEARIZE] Error: 9504.66 num points 41056
	[ACCEPTED] lambda:0.215241 step_quality: 0.252152 max_inc: 0.0186424 Error: 9231.32 num points 41056
==================================
intrinsics 0:  997.58  998.57 637.146 359.527       0 15.8332
T_i_c0:
1 0 0 0
0 1 0 0
0 0 1 0
0 0 0 1
Current error: 9231.32 num_points 41056 mean_error 0.224847 reprojection_error 14063.3 mean reprojection 0.342538 opt_time 5ms.
==================================
[LINEARIZE] Error: 9231.32 num points 41056
	[ACCEPTED] lambda:0.241457 step_quality: 0.254742 max_inc: 0.0178195 Error: 8993.55 num points 41056
==================================
intrinsics 0: 997.598 998.569 637.145 359.527       0 15.8332
T_i_c0:
1 0 0 0
0 1 0 0
0 0 1 0
0 0 0 1
Current error: 8993.55 num_points 41056 mean_error 0.219056 reprojection_error 13952.8 mean reprojection 0.339847 opt_time 4ms.
==================================
[LINEARIZE] Error: 8993.55 num points 41056
	[ACCEPTED] lambda:0.269954 step_quality: 0.252307 max_inc: 0.0166315 Error: 8791.23 num points 41056
==================================
intrinsics 0: 997.615 998.569 637.145 359.527       0 15.8332
T_i_c0:
1 0 0 0
0 1 0 0
0 0 1 0
0 0 0 1
Current error: 8791.23 num_points 41056 mean_error 0.214128 reprojection_error 13867.5 mean reprojection 0.33777 opt_time 4ms.
==================================
[LINEARIZE] Error: 8791.23 num points 41056
	[ACCEPTED] lambda:0.302773 step_quality: 0.255906 max_inc: 0.0159329 Error: 8615.06 num points 41056
==================================
intrinsics 0:  997.63  998.57 637.144 359.527       0 15.8332
T_i_c0:
1 0 0 0
0 1 0 0
0 0 1 0
0 0 0 1
Current error: 8615.06 num_points 41056 mean_error 0.209837 reprojection_error 13800.8 mean reprojection 0.336146 opt_time 4ms.
==================================
[LINEARIZE] Error: 8615.06 num points 41056
	[ACCEPTED] lambda:0.338001 step_quality: 0.251141 max_inc: 0.014716 Error: 8466.98 num points 41056
==================================
intrinsics 0: 997.645  998.57 637.143 359.527       0 15.8332
T_i_c0:
1 0 0 0
0 1 0 0
0 0 1 0
0 0 0 1
Current error: 8466.98 num_points 41056 mean_error 0.20623 reprojection_error 13752 mean reprojection 0.334957 opt_time 6ms.
==================================
[LINEARIZE] Error: 8466.98 num points 41056
	[ACCEPTED] lambda:0.379675 step_quality: 0.256576 max_inc: 0.0141723 Error: 8337.46 num points 41056
==================================
intrinsics 0: 997.659 998.571 637.143 359.526       0 15.8332
T_i_c0:
1 0 0 0
0 1 0 0
0 0 1 0
0 0 0 1
Current error: 8337.46 num_points 41056 mean_error 0.203075 reprojection_error 13715.6 mean reprojection 0.334071 opt_time 5ms.
==================================
[LINEARIZE] Error: 8337.46 num points 41056
	[ACCEPTED] lambda:0.423487 step_quality: 0.248635 max_inc: 0.012922 Error: 8230.31 num points 41056
==================================
intrinsics 0: 997.672 998.571 637.142 359.526       0 15.8332
T_i_c0:
1 0 0 0
0 1 0 0
0 0 1 0
0 0 0 1
Current error: 8230.31 num_points 41056 mean_error 0.200466 reprojection_error 13691.6 mean reprojection 0.333485 opt_time 4ms.
==================================
[LINEARIZE] Error: 8230.31 num points 41056
	[ACCEPTED] lambda:0.477295 step_quality: 0.256726 max_inc: 0.01254 Error: 8135.88 num points 41056
==================================
intrinsics 0: 997.685 998.573 637.142 359.526       0 15.8332
T_i_c0:
1 0 0 0
0 1 0 0
0 0 1 0
0 0 0 1
Current error: 8135.88 num_points 41056 mean_error 0.198165 reprojection_error 13675.5 mean reprojection 0.333093 opt_time 5ms.
==================================
[LINEARIZE] Error: 8135.88 num points 41056
	[ACCEPTED] lambda:0.532269 step_quality: 0.244941 max_inc: 0.0112677 Error: 8059.21 num points 41056
==================================
intrinsics 0: 997.696 998.573 637.141 359.526       0 15.8332
T_i_c0:
1 0 0 0
0 1 0 0
0 0 1 0
0 0 0 1
Current error: 8059.21 num_points 41056 mean_error 0.196298 reprojection_error 13667.4 mean reprojection 0.332897 opt_time 4ms.
==================================
[LINEARIZE] Error: 8059.21 num points 41056
	[ACCEPTED] lambda:0.602925 step_quality: 0.255952 max_inc: 0.0110178 Error: 7991.07 num points 41056
==================================
intrinsics 0: 997.707 998.575 637.141 359.526       0 15.8332
T_i_c0:
1 0 0 0
0 1 0 0
0 0 1 0
0 0 0 1
Current error: 7991.07 num_points 41056 mean_error 0.194638 reprojection_error 13664.4 mean reprojection 0.332825 opt_time 4ms.
==================================
[LINEARIZE] Error: 7991.07 num points 41056
	[ACCEPTED] lambda:0.673035 step_quality: 0.240592 max_inc: 0.00976987 Error: 7936.75 num points 41056
==================================
intrinsics 0: 997.717 998.576  637.14 359.526       0 15.8332
T_i_c0:
1 0 0 0
0 1 0 0
0 0 1 0
0 0 0 1
Current error: 7936.75 num_points 41056 mean_error 0.193315 reprojection_error 13666.4 mean reprojection 0.332872 opt_time 4ms.
==================================
[LINEARIZE] Error: 7936.75 num points 41056
	[ACCEPTED] lambda:0.767024 step_quality: 0.253364 max_inc: 0.00957633 Error: 7888.3 num points 41056
==================================
intrinsics 0: 997.726 998.577  637.14 359.526       0 15.8332
T_i_c0:
1 0 0 0
0 1 0 0
0 0 1 0
0 0 0 1
Current error: 7888.3 num_points 41056 mean_error 0.192135 reprojection_error 13671.8 mean reprojection 0.333003 opt_time 4ms.
==================================
[LINEARIZE] Error: 7888.3 num points 41056
	[ACCEPTED] lambda:0.859083 step_quality: 0.236389 max_inc: 0.00843546 Error: 7850.09 num points 41056
==================================
intrinsics 0: 997.735 998.579  637.14 359.526       0 15.8332
T_i_c0:
1 0 0 0
0 1 0 0
0 0 1 0
0 0 0 1
Current error: 7850.09 num_points 41056 mean_error 0.191205 reprojection_error 13679.7 mean reprojection 0.333197 opt_time 4ms.
==================================
[LINEARIZE] Error: 7850.09 num points 41056
	[ACCEPTED] lambda:0.98498 step_quality: 0.247965 max_inc: 0.00819746 Error: 7816.33 num points 41056
==================================
intrinsics 0: 997.743  998.58  637.14 359.526       0 15.8332
T_i_c0:
1 0 0 0
0 1 0 0
0 0 1 0
0 0 0 1
Current error: 7816.33 num_points 41056 mean_error 0.190382 reprojection_error 13689.9 mean reprojection 0.333446 opt_time 5ms.
==================================
[LINEARIZE] Error: 7816.33 num points 41056
	[ACCEPTED] lambda:1.11113 step_quality: 0.232732 max_inc: 0.0072462 Error: 7789.67 num points 41056
==================================
intrinsics 0:  997.75 998.582 637.139 359.526       0 15.8332
T_i_c0:
1 0 0 0
0 1 0 0
0 0 1 0
0 0 0 1
Current error: 7789.67 num_points 41056 mean_error 0.189733 reprojection_error 13701.1 mean reprojection 0.333717 opt_time 5ms.
==================================
[LINEARIZE] Error: 7789.67 num points 41056
	[ACCEPTED] lambda:1.28084 step_quality: 0.239655 max_inc: 0.00689452 Error: 7766.68 num points 41056
==================================
intrinsics 0: 997.757 998.583 637.139 359.526       0 15.8332
T_i_c0:
1 0 0 0
0 1 0 0
0 0 1 0
0 0 0 1
Current error: 7766.68 num_points 41056 mean_error 0.189173 reprojection_error 13713.4 mean reprojection 0.334018 opt_time 5ms.
==================================
[LINEARIZE] Error: 7766.68 num points 41056
	[ACCEPTED] lambda:1.46165 step_quality: 0.228785 max_inc: 0.00615596 Error: 7748.31 num points 41056
==================================
intrinsics 0: 997.763 998.585 637.139 359.526       0 15.8332
T_i_c0:
1 0 0 0
0 1 0 0
0 0 1 0
0 0 0 1
Current error: 7748.31 num_points 41056 mean_error 0.188725 reprojection_error 13725.9 mean reprojection 0.334321 opt_time 5ms.
==================================
[LINEARIZE] Error: 7748.31 num points 41056
	[ACCEPTED] lambda:1.69493 step_quality: 0.229719 max_inc: 0.00570141 Error: 7732.97 num points 41056
==================================
intrinsics 0: 997.769 998.586 637.139 359.526       0 15.8332
T_i_c0:
1 0 0 0
0 1 0 0
0 0 1 0
0 0 0 1
Current error: 7732.97 num_points 41056 mean_error 0.188352 reprojection_error 13738.7 mean reprojection 0.334632 opt_time 5ms.
==================================
[LINEARIZE] Error: 7732.97 num points 41056
	[ACCEPTED] lambda:1.96266 step_quality: 0.222833 max_inc: 0.00512088 Error: 7720.62 num points 41056
==================================
intrinsics 0: 997.774 998.587 637.139 359.526       0 15.8332
T_i_c0:
1 0 0 0
0 1 0 0
0 0 1 0
0 0 0 1
Current error: 7720.62 num_points 41056 mean_error 0.188051 reprojection_error 13751.1 mean reprojection 0.334935 opt_time 4ms.
==================================
[LINEARIZE] Error: 7720.62 num points 41056
	[ACCEPTED] lambda:2.29697 step_quality: 0.219489 max_inc: 0.00463178 Error: 7710.59 num points 41056
==================================
intrinsics 0: 997.779 998.589 637.139 359.526       0 15.8332
T_i_c0:
1 0 0 0
0 1 0 0
0 0 1 0
0 0 0 1
Current error: 7710.59 num_points 41056 mean_error 0.187807 reprojection_error 13763.2 mean reprojection 0.33523 opt_time 5ms.
==================================
[LINEARIZE] Error: 7710.59 num points 41056
	[ACCEPTED] lambda:2.70257 step_quality: 0.214075 max_inc: 0.00413535 Error: 7702.55 num points 41056
==================================
intrinsics 0: 997.783  998.59 637.139 359.526       0 15.8332
T_i_c0:
1 0 0 0
0 1 0 0
0 0 1 0
0 0 0 1
Current error: 7702.55 num_points 41056 mean_error 0.187611 reprojection_error 13774.6 mean reprojection 0.335508 opt_time 6ms.
==================================
[LINEARIZE] Error: 7702.55 num points 41056
	[ACCEPTED] lambda:3.20796 step_quality: 0.208888 max_inc: 0.00366871 Error: 7696.14 num points 41056
==================================
intrinsics 0: 997.787 998.591 637.139 359.526       0 15.8332
T_i_c0:
1 0 0 0
0 1 0 0
0 0 1 0
0 0 0 1
Current error: 7696.14 num_points 41056 mean_error 0.187455 reprojection_error 13785.3 mean reprojection 0.335769 opt_time 5ms.
==================================
[LINEARIZE] Error: 7696.14 num points 41056
	[ACCEPTED] lambda:3.8411 step_quality: 0.203249 max_inc: 0.00322235 Error: 7691.08 num points 41056
==================================
intrinsics 0:  997.79 998.593 637.138 359.526       0 15.8332
T_i_c0:
1 0 0 0
0 1 0 0
0 0 1 0
0 0 0 1
Current error: 7691.08 num_points 41056 mean_error 0.187332 reprojection_error 13795.1 mean reprojection 0.336008 opt_time 5ms.
==================================
[LINEARIZE] Error: 7691.08 num points 41056
	[ACCEPTED] lambda:4.64411 step_quality: 0.197386 max_inc: 0.00280008 Error: 7687.13 num points 41056
==================================
intrinsics 0: 997.793 998.594 637.138 359.526       0 15.8332
T_i_c0:
1 0 0 0
0 1 0 0
0 0 1 0
0 0 0 1
Current error: 7687.13 num_points 41056 mean_error 0.187235 reprojection_error 13804 mean reprojection 0.336224 opt_time 4ms.
==================================
[LINEARIZE] Error: 7687.13 num points 41056
	[ACCEPTED] lambda:5.67369 step_quality: 0.191372 max_inc: 0.00240387 Error: 7684.06 num points 41056
==================================
intrinsics 0: 997.795 998.595 637.138 359.526       0 15.8332
T_i_c0:
1 0 0 0
0 1 0 0
0 0 1 0
0 0 0 1
Current error: 7684.06 num_points 41056 mean_error 0.18716 reprojection_error 13811.9 mean reprojection 0.336417 opt_time 5ms.
==================================
[LINEARIZE] Error: 7684.06 num points 41056
	[ACCEPTED] lambda:7.00801 step_quality: 0.18533 max_inc: 0.00203638 Error: 7681.71 num points 41056
==================================
intrinsics 0: 997.797 998.595 637.138 359.526       0 15.8332
T_i_c0:
1 0 0 0
0 1 0 0
0 0 1 0
0 0 0 1
Current error: 7681.71 num_points 41056 mean_error 0.187103 reprojection_error 13818.8 mean reprojection 0.336585 opt_time 5ms.
==================================
[LINEARIZE] Error: 7681.71 num points 41056
	[ACCEPTED] lambda:8.75485 step_quality: 0.179403 max_inc: 0.00170042 Error: 7679.91 num points 41056
==================================
intrinsics 0: 997.799 998.596 637.138 359.526       0 15.8332
T_i_c0:
1 0 0 0
0 1 0 0
0 0 1 0
0 0 0 1
Current error: 7679.91 num_points 41056 mean_error 0.187059 reprojection_error 13824.7 mean reprojection 0.336729 opt_time 6ms.
==================================
[LINEARIZE] Error: 7679.91 num points 41056
	[ACCEPTED] lambda:11.0627 step_quality: 0.173746 max_inc: 0.0013986 Error: 7678.56 num points 41056
==================================
intrinsics 0:   997.8 998.597 637.138 359.526       0 15.8332
T_i_c0:
1 0 0 0
0 1 0 0
0 0 1 0
0 0 0 1
Current error: 7678.56 num_points 41056 mean_error 0.187027 reprojection_error 13829.7 mean reprojection 0.33685 opt_time 6ms.
==================================
[LINEARIZE] Error: 7678.56 num points 41056
	[ACCEPTED] lambda:14.1362 step_quality: 0.168502 max_inc: 0.0011328 Error: 7677.55 num points 41056
==================================
intrinsics 0: 997.801 998.597 637.138 359.525       0 15.8332
T_i_c0:
1 0 0 0
0 1 0 0
0 0 1 0
0 0 0 1
Current error: 7677.55 num_points 41056 mean_error 0.187002 reprojection_error 13833.8 mean reprojection 0.33695 opt_time 5ms.
==================================
[LINEARIZE] Error: 7677.55 num points 41056
	[ACCEPTED] lambda:18.2558 step_quality: 0.163789 max_inc: 0.00090378 Error: 7676.79 num points 41056
==================================
intrinsics 0: 997.802 998.598 637.138 359.525       0 15.8332
T_i_c0:
1 0 0 0
0 1 0 0
0 0 1 0
0 0 0 1
Current error: 7676.79 num_points 41056 mean_error 0.186983 reprojection_error 13837.1 mean reprojection 0.337031 opt_time 5ms.
==================================
[LINEARIZE] Error: 7676.79 num points 41056
	[ACCEPTED] lambda:23.8063 step_quality: 0.15968 max_inc: 0.000710842 Error: 7676.24 num points 41056
==================================
intrinsics 0: 997.803 998.598 637.138 359.525       0 15.8332
T_i_c0:
1 0 0 0
0 1 0 0
0 0 1 0
0 0 0 1
Current error: 7676.24 num_points 41056 mean_error 0.18697 reprojection_error 13839.8 mean reprojection 0.337095 opt_time 4ms.
==================================
[LINEARIZE] Error: 7676.24 num points 41056
	[ACCEPTED] lambda:31.313 step_quality: 0.156201 max_inc: 0.000551876 Error: 7675.82 num points 41056
==================================
intrinsics 0: 997.803 998.598 637.138 359.525       0 15.8332
T_i_c0:
1 0 0 0
0 1 0 0
0 0 1 0
0 0 0 1
Current error: 7675.82 num_points 41056 mean_error 0.18696 reprojection_error 13841.9 mean reprojection 0.337146 opt_time 5ms.
==================================
[LINEARIZE] Error: 7675.82 num points 41056
	[ACCEPTED] lambda:41.4925 step_quality: 0.153334 max_inc: 0.000423602 Error: 7675.52 num points 41056
==================================
intrinsics 0: 997.804 998.598 637.138 359.525       0 15.8332
T_i_c0:
1 0 0 0
0 1 0 0
0 0 1 0
0 0 0 1
Current error: 7675.52 num_points 41056 mean_error 0.186952 reprojection_error 13843.5 mean reprojection 0.337185 opt_time 5ms.
==================================
[LINEARIZE] Error: 7675.52 num points 41056
	[ACCEPTED] lambda:55.3216 step_quality: 0.151025 max_inc: 0.000322013 Error: 7675.29 num points 41056
==================================
intrinsics 0: 997.804 998.599 637.138 359.525       0 15.8332
T_i_c0:
1 0 0 0
0 1 0 0
0 0 1 0
0 0 0 1
Current error: 7675.29 num_points 41056 mean_error 0.186947 reprojection_error 13844.7 mean reprojection 0.337215 opt_time 4ms.
==================================
[LINEARIZE] Error: 7675.29 num points 41056
	[ACCEPTED] lambda:74.1307 step_quality: 0.149204 max_inc: 0.000242843 Error: 7675.13 num points 41056
==================================
intrinsics 0: 997.804 998.599 637.138 359.525       0 15.8332
T_i_c0:
1 0 0 0
0 1 0 0
0 0 1 0
0 0 0 1
Current error: 7675.13 num_points 41056 mean_error 0.186943 reprojection_error 13845.6 mean reprojection 0.337237 opt_time 5ms.
==================================
[LINEARIZE] Error: 7675.13 num points 41056
	[ACCEPTED] lambda:99.7314 step_quality: 0.14779 max_inc: 0.000181969 Error: 7675.01 num points 41056
==================================
intrinsics 0: 997.805 998.599 637.138 359.525       0 15.8332
T_i_c0:
1 0 0 0
0 1 0 0
0 0 1 0
0 0 0 1
Current error: 7675.01 num_points 41056 mean_error 0.18694 reprojection_error 13846.3 mean reprojection 0.337255 opt_time 5ms.
==================================
[LINEARIZE] Error: 7675.01 num points 41056
	[ACCEPTED] lambda:134.591 step_quality: 0.146707 max_inc: 0.000135668 Error: 7674.92 num points 41056
==================================
intrinsics 0: 997.805 998.599 637.138 359.525       0 15.8332
T_i_c0:
1 0 0 0
0 1 0 0
0 0 1 0
0 0 0 1
Current error: 7674.92 num_points 41056 mean_error 0.186938 reprojection_error 13846.8 mean reprojection 0.337267 opt_time 6ms.
==================================
[LINEARIZE] Error: 7674.92 num points 41056
	[ACCEPTED] lambda:182.071 step_quality: 0.145887 max_inc: 0.000100755 Error: 7674.85 num points 41056
==================================
intrinsics 0: 997.805 998.599 637.138 359.525       0 15.8332
T_i_c0:
1 0 0 0
0 1 0 0
0 0 1 0
0 0 0 1
Current error: 7674.85 num_points 41056 mean_error 0.186936 reprojection_error 13847.2 mean reprojection 0.337277 opt_time 5ms.
==================================
[LINEARIZE] Error: 7674.85 num points 41056
	[ACCEPTED] lambda:246.75 step_quality: 0.145269 max_inc: 7.46031e-05 Error: 7674.81 num points 41056
==================================
intrinsics 0: 997.805 998.599 637.138 359.525       0 15.8332
T_i_c0:
1 0 0 0
0 1 0 0
0 0 1 0
0 0 0 1
Current error: 7674.81 num_points 41056 mean_error 0.186935 reprojection_error 13847.5 mean reprojection 0.337284 opt_time 5ms.
==================================
[LINEARIZE] Error: 7674.81 num points 41056
	[ACCEPTED] lambda:334.863 step_quality: 0.144808 max_inc: 5.51149e-05 Error: 7674.77 num points 41056
==================================
intrinsics 0: 997.805 998.599 637.138 359.525       0 15.8332
T_i_c0:
1 0 0 0
0 1 0 0
0 0 1 0
0 0 0 1
Current error: 7674.77 num_points 41056 mean_error 0.186934 reprojection_error 13847.7 mean reprojection 0.337289 opt_time 5ms.
==================================
[LINEARIZE] Error: 7674.77 num points 41056
	[ACCEPTED] lambda:454.909 step_quality: 0.144465 max_inc: 4.06486e-05 Error: 7674.75 num points 41056
==================================
intrinsics 0: 997.805 998.599 637.138 359.525       0 15.8332
T_i_c0:
1 0 0 0
0 1 0 0
0 0 1 0
0 0 0 1
Current error: 7674.75 num_points 41056 mean_error 0.186934 reprojection_error 13847.9 mean reprojection 0.337293 opt_time 5ms.
==================================
[LINEARIZE] Error: 7674.75 num points 41056
	[ACCEPTED] lambda:618.463 step_quality: 0.14421 max_inc: 2.99414e-05 Error: 7674.73 num points 41056
==================================
intrinsics 0: 997.805 998.599 637.138 359.525       0 15.8332
T_i_c0:
1 0 0 0
0 1 0 0
0 0 1 0
0 0 0 1
Current error: 7674.73 num_points 41056 mean_error 0.186933 reprojection_error 13848 mean reprojection 0.337296 opt_time 13ms.
==================================
[LINEARIZE] Error: 7674.73 num points 41056
	[ACCEPTED] lambda:841.299 step_quality: 0.144022 max_inc: 2.20339e-05 Error: 7674.71 num points 41056
==================================
intrinsics 0: 997.805 998.599 637.138 359.525       0 15.8332
T_i_c0:
1 0 0 0
0 1 0 0
0 0 1 0
0 0 0 1
Current error: 7674.71 num_points 41056 mean_error 0.186933 reprojection_error 13848.1 mean reprojection 0.337298 opt_time 6ms.
==================================
[LINEARIZE] Error: 7674.71 num points 41056
	[ACCEPTED] lambda:1144.9 step_quality: 0.143883 max_inc: 1.62035e-05 Error: 7674.7 num points 41056
==================================
intrinsics 0: 997.805 998.599 637.138 359.525       0 15.8332
T_i_c0:
1 0 0 0
0 1 0 0
0 0 1 0
0 0 0 1
Current error: 7674.7 num_points 41056 mean_error 0.186933 reprojection_error 13848.2 mean reprojection 0.337299 opt_time 5ms.
==================================
[LINEARIZE] Error: 7674.7 num points 41056
	[ACCEPTED] lambda:1558.56 step_quality: 0.143781 max_inc: 1.19098e-05 Error: 7674.7 num points 41056
==================================
intrinsics 0: 997.805 998.599 637.138 359.525       0 15.8332
T_i_c0:
1 0 0 0
0 1 0 0
0 0 1 0
0 0 0 1
Current error: 7674.7 num_points 41056 mean_error 0.186932 reprojection_error 13848.2 mean reprojection 0.3373 opt_time 5ms.
==================================
[LINEARIZE] Error: 7674.7 num points 41056
	[ACCEPTED] lambda:2122.15 step_quality: 0.143706 max_inc: 8.75049e-06 Error: 7674.69 num points 41056
==================================
intrinsics 0: 997.805 998.599 637.138 359.525       0 15.8332
T_i_c0:
1 0 0 0
0 1 0 0
0 0 1 0
0 0 0 1
Current error: 7674.69 num_points 41056 mean_error 0.186932 reprojection_error 13848.2 mean reprojection 0.337301 opt_time 5ms.
==================================
[LINEARIZE] Error: 7674.69 num points 41056
	[ACCEPTED] lambda:2890.02 step_quality: 0.14365 max_inc: 6.42748e-06 Error: 7674.69 num points 41056
==================================
intrinsics 0: 997.805 998.599 637.138 359.525       0 15.8332
T_i_c0:
1 0 0 0
0 1 0 0
0 0 1 0
0 0 0 1
Current error: 7674.69 num_points 41056 mean_error 0.186932 reprojection_error 13848.3 mean reprojection 0.337302 opt_time 4ms.
==================================
[LINEARIZE] Error: 7674.69 num points 41056
	[ACCEPTED] lambda:3936.23 step_quality: 0.14361 max_inc: 4.72019e-06 Error: 7674.68 num points 41056
==================================
intrinsics 0: 997.805 998.599 637.138 359.525       0 15.8332
T_i_c0:
1 0 0 0
0 1 0 0
0 0 1 0
0 0 0 1
Current error: 7674.68 num_points 41056 mean_error 0.186932 reprojection_error 13848.3 mean reprojection 0.337302 opt_time 4ms.
==================================
[LINEARIZE] Error: 7674.68 num points 41056
	[ACCEPTED] lambda:5361.67 step_quality: 0.14358 max_inc: 3.46587e-06 Error: 7674.68 num points 41056
==================================
intrinsics 0: 997.805 998.599 637.138 359.525       0 15.8332
T_i_c0:
1 0 0 0
0 1 0 0
0 0 1 0
0 0 0 1
Current error: 7674.68 num_points 41056 mean_error 0.186932 reprojection_error 13848.3 mean reprojection 0.337303 opt_time 5ms.
==================================
[LINEARIZE] Error: 7674.68 num points 41056
	[ACCEPTED] lambda:7303.8 step_quality: 0.143558 max_inc: 2.54458e-06 Error: 7674.68 num points 41056
==================================
intrinsics 0: 997.805 998.599 637.138 359.525       0 15.8332
T_i_c0:
1 0 0 0
0 1 0 0
0 0 1 0
0 0 0 1
Current error: 7674.68 num_points 41056 mean_error 0.186932 reprojection_error 13848.3 mean reprojection 0.337303 opt_time 5ms.
==================================
[LINEARIZE] Error: 7674.68 num points 41056
	[ACCEPTED] lambda:9949.89 step_quality: 0.143542 max_inc: 1.86804e-06 Error: 7674.68 num points 41056
==================================
intrinsics 0: 997.805 998.599 637.138 359.525       0 15.8332
T_i_c0:
1 0 0 0
0 1 0 0
0 0 1 0
0 0 0 1
Current error: 7674.68 num_points 41056 mean_error 0.186932 reprojection_error 13848.3 mean reprojection 0.337303 opt_time 5ms.
==================================
[LINEARIZE] Error: 7674.68 num points 41056
	[ACCEPTED] lambda:13555.1 step_quality: 0.14353 max_inc: 1.37129e-06 Error: 7674.68 num points 41056
==================================
intrinsics 0: 997.805 998.599 637.138 359.525       0 15.8332
T_i_c0:
1 0 0 0
0 1 0 0
0 0 1 0
0 0 0 1
Current error: 7674.68 num_points 41056 mean_error 0.186932 reprojection_error 13848.3 mean reprojection 0.337303 opt_time 5ms.
==================================
[LINEARIZE] Error: 7674.68 num points 41056
	[ACCEPTED] lambda:18467.2 step_quality: 0.143521 max_inc: 1.00659e-06 Error: 7674.68 num points 41056
==================================
intrinsics 0: 997.805 998.599 637.138 359.525       0 15.8332
T_i_c0:
1 0 0 0
0 1 0 0
0 0 1 0
0 0 0 1
Current error: 7674.68 num_points 41056 mean_error 0.186932 reprojection_error 13848.3 mean reprojection 0.337303 opt_time 4ms.
==================================
[LINEARIZE] Error: 7674.68 num points 41056
	[ACCEPTED] lambda:25159.8 step_quality: 0.143515 max_inc: 7.38861e-07 Error: 7674.68 num points 41056
==================================
intrinsics 0: 997.805 998.599 637.138 359.525       0 15.8332
T_i_c0:
1 0 0 0
0 1 0 0
0 0 1 0
0 0 0 1
Current error: 7674.68 num_points 41056 mean_error 0.186932 reprojection_error 13848.3 mean reprojection 0.337303 opt_time 5ms.
==================================
[LINEARIZE] Error: 7674.68 num points 41056
	[ACCEPTED] lambda:34278.2 step_quality: 0.14351 max_inc: 5.42329e-07 Error: 7674.68 num points 41056
==================================
intrinsics 0: 997.805 998.599 637.138 359.525       0 15.8332
T_i_c0:
1 0 0 0
0 1 0 0
0 0 1 0
0 0 0 1
Current error: 7674.68 num_points 41056 mean_error 0.186932 reprojection_error 13848.3 mean reprojection 0.337303 opt_time 5ms.
==================================
[LINEARIZE] Error: 7674.68 num points 41056
	[ACCEPTED] lambda:46701.9 step_quality: 0.143507 max_inc: 3.98066e-07 Error: 7674.68 num points 41056
==================================
intrinsics 0: 997.805 998.599 637.138 359.525       0 15.8332
T_i_c0:
1 0 0 0
0 1 0 0
0 0 1 0
0 0 0 1
Current error: 7674.68 num_points 41056 mean_error 0.186932 reprojection_error 13848.3 mean reprojection 0.337303 opt_time 5ms.
==================================
[LINEARIZE] Error: 7674.68 num points 41056
	[ACCEPTED] lambda:63628.8 step_quality: 0.143504 max_inc: 2.92174e-07 Error: 7674.68 num points 41056
==================================
intrinsics 0: 997.805 998.599 637.138 359.525       0 15.8332
T_i_c0:
1 0 0 0
0 1 0 0
0 0 1 0
0 0 0 1
Current error: 7674.68 num_points 41056 mean_error 0.186932 reprojection_error 13848.3 mean reprojection 0.337303 opt_time 5ms.
==================================
[LINEARIZE] Error: 7674.68 num points 41056
	[ACCEPTED] lambda:86691.4 step_quality: 0.143502 max_inc: 2.14449e-07 Error: 7674.68 num points 41056
==================================
intrinsics 0: 997.805 998.599 637.138 359.525       0 15.8332
T_i_c0:
1 0 0 0
0 1 0 0
0 0 1 0
0 0 0 1
Current error: 7674.68 num_points 41056 mean_error 0.186932 reprojection_error 13848.3 mean reprojection 0.337303 opt_time 5ms.
==================================
[LINEARIZE] Error: 7674.68 num points 41056
	[ACCEPTED] lambda:118114 step_quality: 0.143501 max_inc: 1.57399e-07 Error: 7674.68 num points 41056
==================================
intrinsics 0: 997.805 998.599 637.138 359.525       0 15.8332
T_i_c0:
1 0 0 0
0 1 0 0
0 0 1 0
0 0 0 1
Current error: 7674.68 num_points 41056 mean_error 0.186932 reprojection_error 13848.3 mean reprojection 0.337303 opt_time 5ms.
==================================
[LINEARIZE] Error: 7674.68 num points 41056
	[ACCEPTED] lambda:160925 step_quality: 0.1435 max_inc: 1.15526e-07 Error: 7674.68 num points 41056
==================================
intrinsics 0: 997.805 998.599 637.138 359.525       0 15.8332
T_i_c0:
1 0 0 0
0 1 0 0
0 0 1 0
0 0 0 1
Current error: 7674.68 num_points 41056 mean_error 0.186932 reprojection_error 13848.3 mean reprojection 0.337303 opt_time 4ms.
==================================
[LINEARIZE] Error: 7674.68 num points 41056
	[ACCEPTED] lambda:219256 step_quality: 0.143499 max_inc: 8.47922e-08 Error: 7674.68 num points 41056
==================================
intrinsics 0: 997.805 998.599 637.138 359.525       0 15.8332
T_i_c0:
1 0 0 0
0 1 0 0
0 0 1 0
0 0 0 1
Current error: 7674.68 num_points 41056 mean_error 0.186932 reprojection_error 13848.3 mean reprojection 0.337304 opt_time 4ms.
==================================
[LINEARIZE] Error: 7674.68 num points 41056
	[ACCEPTED] lambda:298729 step_quality: 0.143499 max_inc: 6.22344e-08 Error: 7674.67 num points 41056
==================================
intrinsics 0: 997.805 998.599 637.138 359.525       0 15.8332
T_i_c0:
1 0 0 0
0 1 0 0
0 0 1 0
0 0 0 1
Current error: 7674.67 num_points 41056 mean_error 0.186932 reprojection_error 13848.3 mean reprojection 0.337304 opt_time 4ms.
==================================
[LINEARIZE] Error: 7674.67 num points 41056
	[ACCEPTED] lambda:407010 step_quality: 0.143498 max_inc: 4.56777e-08 Error: 7674.67 num points 41056
==================================
intrinsics 0: 997.805 998.599 637.138 359.525       0 15.8332
T_i_c0:
1 0 0 0
0 1 0 0
0 0 1 0
0 0 0 1
Current error: 7674.67 num_points 41056 mean_error 0.186932 reprojection_error 13848.3 mean reprojection 0.337304 opt_time 5ms.
==================================
[LINEARIZE] Error: 7674.67 num points 41056
	[ACCEPTED] lambda:554540 step_quality: 0.143498 max_inc: 3.35256e-08 Error: 7674.67 num points 41056
==================================
intrinsics 0: 997.805 998.599 637.138 359.525       0 15.8332
T_i_c0:
1 0 0 0
0 1 0 0
0 0 1 0
0 0 0 1
Current error: 7674.67 num_points 41056 mean_error 0.186932 reprojection_error 13848.3 mean reprojection 0.337304 opt_time 4ms.
==================================
[LINEARIZE] Error: 7674.67 num points 41056
	[ACCEPTED] lambda:755546 step_quality: 0.143498 max_inc: 2.46065e-08 Error: 7674.67 num points 41056
==================================
intrinsics 0: 997.805 998.599 637.138 359.525       0 15.8332
T_i_c0:
1 0 0 0
0 1 0 0
0 0 1 0
0 0 0 1
Current error: 7674.67 num_points 41056 mean_error 0.186932 reprojection_error 13848.3 mean reprojection 0.337304 opt_time 4ms.
==================================
[LINEARIZE] Error: 7674.67 num points 41056
	[ACCEPTED] lambda:1.02941e+06 step_quality: 0.143497 max_inc: 1.80602e-08 Error: 7674.67 num points 41056
==================================
intrinsics 0: 997.805 998.599 637.138 359.525       0 15.8332
T_i_c0:
1 0 0 0
0 1 0 0
0 0 1 0
0 0 0 1
Current error: 7674.67 num_points 41056 mean_error 0.186932 reprojection_error 13848.3 mean reprojection 0.337304 opt_time 4ms.
==================================
[LINEARIZE] Error: 7674.67 num points 41056
	[ACCEPTED] lambda:1.40255e+06 step_quality: 0.143498 max_inc: 1.32554e-08 Error: 7674.67 num points 41056
==================================
intrinsics 0: 997.805 998.599 637.138 359.525       0 15.8332
T_i_c0:
1 0 0 0
0 1 0 0
0 0 1 0
0 0 0 1
Current error: 7674.67 num_points 41056 mean_error 0.186932 reprojection_error 13848.3 mean reprojection 0.337304 opt_time 4ms.
==================================
[LINEARIZE] Error: 7674.67 num points 41056
	[ACCEPTED] lambda:1.91093e+06 step_quality: 0.143497 max_inc: 9.72894e-09 Error: 7674.67 num points 41056
[CONVERGED]
==================================
intrinsics 0: 997.805 998.599 637.138 359.525       0 15.8332
T_i_c0:
1 0 0 0
0 1 0 0
0 0 1 0
0 0 0 1
Current error: 7674.67 num_points 41056 mean_error 0.186932 reprojection_error 13848.3 mean reprojection 0.337304 opt_time 4ms.
Optimization Converged !!
==================================
Saved calibration in /media/achry/LENOVO_USB_HDD/temp/honorv10_2021_05/calibration.json
Saved vignette png files to /media/achry/LENOVO_USB_HDD/temp/honorv10_2021_05/
